<?xml version="1.0" encoding="UTF-8"?>
<testsuite name="com.github.danielhodder.junit_test_template_combiner.CombinedTestTemplate" tests="8" skipped="2" failures="0" errors="0" timestamp="2022-04-17T01:55:07" hostname="pop-os" time="0.03">
  <properties/>
  <testcase name="[1] , [1] [Combined 2 contexts]" classname="com.github.danielhodder.junit_test_template_combiner.CombinedTestTemplate" time="0.007"/>
  <testcase name="[2] , [2] [Combined 2 contexts]" classname="com.github.danielhodder.junit_test_template_combiner.CombinedTestTemplate" time="0.001"/>
  <testcase name="[3] " classname="com.github.danielhodder.junit_test_template_combiner.CombinedTestTemplate" time="0.001">
    <skipped/>
  </testcase>
  <testcase name="[4] " classname="com.github.danielhodder.junit_test_template_combiner.CombinedTestTemplate" time="0.0">
    <skipped/>
  </testcase>
  <testcase name="[1] a, [1] [Combined 2 contexts]" classname="com.github.danielhodder.junit_test_template_combiner.CombinedTestTemplate" time="0.009"/>
  <testcase name="[2] a, [2] [Combined 2 contexts]" classname="com.github.danielhodder.junit_test_template_combiner.CombinedTestTemplate" time="0.0"/>
  <testcase name="[3] a" classname="com.github.danielhodder.junit_test_template_combiner.CombinedTestTemplate" time="0.0"/>
  <testcase name="[4] b" classname="com.github.danielhodder.junit_test_template_combiner.CombinedTestTemplate" time="0.0"/>
  <system-out><![CDATA[]]></system-out>
  <system-err><![CDATA[]]></system-err>
</testsuite>
